<?xml version="1.0" encoding="UTF-8"?>
<!-- Generated by org.testng.reporters.JUnitReportReporter -->
<testsuite hostname="TYSS-Piyush-Baldaniya" failures="0" tests="2" name="opportunityTest.OpportunityTest" time="53.300" errors="0" timestamp="2025-03-25T12:24:27 IST" skipped="0">
  <testcase classname="opportunityTest.OpportunityTest" name="createOppWithOrgTest" time="26.663"/>
  <testcase classname="opportunityTest.OpportunityTest" name="createOppWithDateTest" time="26.637"/>
</testsuite> <!-- opportunityTest.OpportunityTest -->
