<?xml version="1.0" encoding="UTF-8"?>
<!-- Generated by org.testng.reporters.JUnitReportReporter -->
<testsuite hostname="TYSS-Piyush-Baldaniya" failures="0" tests="1" name="SoftAssertion" time="0.020" errors="0" timestamp="2025-03-28T10:56:41 IST" skipped="0">
  <testcase classname="SoftAssertion" name="testSoftAssertMethods" time="0.020"/>
</testsuite> <!-- SoftAssertion -->
