<?xml version="1.0" encoding="UTF-8"?>
<!-- Generated by org.testng.reporters.JUnitReportReporter -->
<testsuite hostname="TYSS-Piyush-Baldaniya" failures="0" tests="1" name="Demo1" time="0.010" errors="0" timestamp="2025-03-24T12:30:31 IST" skipped="0">
  <testcase classname="Demo1" name="add" time="0.010"/>
</testsuite> <!-- Demo1 -->
