<?xml version="1.0" encoding="UTF-8"?>
<!-- Generated by org.testng.reporters.JUnitReportReporter -->
<testsuite hostname="TYSS-Piyush-Baldaniya" failures="0" tests="9" name="extra.Demo4" time="0.025" errors="0" timestamp="2025-03-27T12:49:13 IST" skipped="0">
  <testcase classname="extra.Demo4" name="HomeTown" time="0.002"/>
  <testcase classname="extra.Demo4" name="HomeTown" time="0.002"/>
  <testcase classname="extra.Demo4" name="HomeTown" time="0.013"/>
  <testcase classname="extra.Demo4" name="HomeTown" time="0.001"/>
  <testcase classname="extra.Demo4" name="HomeTown" time="0.001"/>
  <testcase classname="extra.Demo4" name="HomeTown" time="0.001"/>
  <testcase classname="extra.Demo4" name="HomeTown" time="0.002"/>
  <testcase classname="extra.Demo4" name="HomeTown" time="0.001"/>
  <testcase classname="extra.Demo4" name="HomeTown" time="0.002"/>
</testsuite> <!-- extra.Demo4 -->
