<?xml version="1.0" encoding="UTF-8"?>
<!-- Generated by org.testng.reporters.JUnitReportReporter -->
<testsuite hostname="TYSS-Piyush-Baldaniya" failures="0" tests="1" name="extra.Demo4" time="0.083" errors="0" timestamp="2025-03-31T12:24:08 IST" skipped="0">
  <testcase classname="extra.Demo4" name="DateTime" time="0.083"/>
</testsuite> <!-- extra.Demo4 -->
