<?xml version="1.0" encoding="UTF-8"?>
<!-- Generated by org.testng.reporters.JUnitReportReporter -->
<testsuite hostname="TYSS-Piyush-Baldaniya" failures="0" tests="1" name="extra.Demo1" time="2.745" errors="0" timestamp="2025-03-25T11:55:43 IST" skipped="0">
  <testcase classname="extra.Demo1" name="chrome" time="2.745"/>
</testsuite> <!-- extra.Demo1 -->
