<?xml version="1.0" encoding="UTF-8"?>
<!-- Generated by org.testng.reporters.JUnitReportReporter -->
<testsuite hostname="TYSS-Piyush-Baldaniya" failures="0" tests="2" name="extra.Demo2" time="0.013" errors="0" timestamp="2025-03-28T11:18:07 IST" skipped="0">
  <testcase classname="extra.Demo2" name="add" time="0.011"/>
  <testcase classname="extra.Demo2" name="add" time="0.002"/>
</testsuite> <!-- extra.Demo2 -->
