<?xml version="1.0" encoding="UTF-8"?>
<!-- Generated by org.testng.reporters.JUnitReportReporter -->
<testsuite hostname="TYSS-Piyush-Baldaniya" failures="0" tests="1" name="extra.AdvanceReporting" time="3.001" errors="0" timestamp="2025-04-02T14:28:52 IST" skipped="0">
  <testcase classname="extra.AdvanceReporting" name="adReporting" time="3.001"/>
</testsuite> <!-- extra.AdvanceReporting -->
