<?xml version="1.0" encoding="UTF-8"?>
<!-- Generated by org.testng.reporters.JUnitReportReporter -->
<testsuite hostname="TYSS-Piyush-Baldaniya" failures="0" tests="20" name="extra.Demo3" time="236.324" errors="0" timestamp="2025-03-27T12:57:23 IST" skipped="0">
  <testcase classname="extra.Demo3" name="firefox" time="13.359"/>
  <testcase classname="extra.Demo3" name="firefox" time="12.828"/>
  <testcase classname="extra.Demo3" name="firefox" time="12.734"/>
  <testcase classname="extra.Demo3" name="firefox" time="13.220"/>
  <testcase classname="extra.Demo3" name="firefox" time="13.601"/>
  <testcase classname="extra.Demo3" name="firefox" time="13.348"/>
  <testcase classname="extra.Demo3" name="firefox" time="7.439"/>
  <testcase classname="extra.Demo3" name="firefox" time="13.497"/>
  <testcase classname="extra.Demo3" name="firefox" time="7.425"/>
  <testcase classname="extra.Demo3" name="firefox" time="13.188"/>
  <testcase classname="extra.Demo3" name="firefox" time="13.403"/>
  <testcase classname="extra.Demo3" name="firefox" time="13.585"/>
  <testcase classname="extra.Demo3" name="firefox" time="13.559"/>
  <testcase classname="extra.Demo3" name="firefox" time="7.391"/>
  <testcase classname="extra.Demo3" name="firefox" time="13.517"/>
  <testcase classname="extra.Demo3" name="firefox" time="12.890"/>
  <testcase classname="extra.Demo3" name="firefox" time="12.890"/>
  <testcase classname="extra.Demo3" name="firefox" time="13.497"/>
  <testcase classname="extra.Demo3" name="firefox" time="7.251"/>
  <testcase classname="extra.Demo3" name="firefox" time="7.702"/>
</testsuite> <!-- extra.Demo3 -->
