<?xml version="1.0" encoding="UTF-8"?>
<!-- Generated by org.testng.reporters.JUnitReportReporter -->
<testsuite hostname="TYSS-Piyush-Baldaniya" failures="0" tests="1" name="extra.Demo3" time="3.894" errors="0" timestamp="2025-03-25T12:14:10 IST" skipped="0">
  <testcase classname="extra.Demo3" name="firefox" time="3.894"/>
</testsuite> <!-- extra.Demo3 -->
