<?xml version="1.0" encoding="UTF-8"?>
<!-- Generated by org.testng.reporters.JUnitReportReporter -->
<testsuite hostname="TYSS-Piyush-Baldaniya" failures="0" tests="1" name="opportunityTest.CreateOppWithOrgTest" time="53.474" errors="0" timestamp="2025-03-26T12:03:23 IST" skipped="0">
  <testcase classname="opportunityTest.CreateOppWithOrgTest" name="createOrgTest" time="53.474"/>
</testsuite> <!-- opportunityTest.CreateOppWithOrgTest -->
