<?xml version="1.0" encoding="UTF-8"?>
<!-- Generated by org.testng.reporters.JUnitReportReporter -->
<testsuite hostname="TYSS-Piyush-Baldaniya" failures="0" tests="1" name="opportunityTest.CreateOppWithTypeTest" time="19.980" errors="0" timestamp="2025-03-24T12:39:04 IST" skipped="0">
  <testcase classname="opportunityTest.CreateOppWithTypeTest" name="createOppWithTypeTest" time="19.980"/>
</testsuite> <!-- opportunityTest.CreateOppWithTypeTest -->
