<?xml version="1.0" encoding="UTF-8"?>
<!-- Generated by org.testng.reporters.JUnitReportReporter -->
<testsuite hostname="TYSS-Piyush-Baldaniya" failures="0" tests="1" name="extra.Demo4" time="0.001" errors="0" timestamp="2025-03-24T12:31:59 IST" skipped="0">
  <testcase classname="extra.Demo4" name="multi" time="0.001"/>
</testsuite> <!-- extra.Demo4 -->
